<?xml version="1.0" encoding="UTF-8"?>
<!-- Generated by org.testng.reporters.JUnitXMLReporter -->
<testsuite hostname="sojib-HP" name="Default test" tests="5" failures="0" timestamp="26 Aug 2015 03:39:08 GMT" time="16.761" errors="0">
  <testcase name="testClickGenerateAccess" time="0.585" classname="Tests.LogINTest"/>
  <testcase name="testLoginBlankUsernamePassword" time="1.447" classname="Tests.LogINTest"/>
  <testcase name="testLoginEmptyUsernamePassword" time="0.913" classname="Tests.LogINTest"/>
  <testcase name="testLoginInvalidUsernamePassword" time="2.374" classname="Tests.LogINTest"/>
  <testcase name="testValidLogin" time="0.898" classname="Tests.LogINTest"/>
</testsuite> <!-- Default test -->
