<?xml version="1.0" encoding="UTF-8"?>
<!-- Generated by org.testng.reporters.JUnitXMLReporter -->
<testsuite hostname="sojib-HP" name="regressionTest" tests="6" failures="0" timestamp="28 Aug 2015 01:45:48 GMT" time="17.973" errors="0">
  <testcase name="testClickGenerateAccess" time="0.901" classname="Tests.LogINTest"/>
  <testcase name="testLoginBlankUsernamePassword" time="1.831" classname="Tests.LogINTest"/>
  <testcase name="testLoginEmptyUsernamePassword" time="1.277" classname="Tests.LogINTest"/>
  <testcase name="testLoginInvalidUsernamePassword" time="2.298" classname="Tests.LogINTest"/>
  <testcase name="testValidLogin" time="1.483" classname="Tests.LogINTest"/>
  <testcase name="AddingNewAccount" time="2.301" classname="Tests.NewAccountTest"/>
</testsuite> <!-- regressionTest -->
